TN:
SF:src/components/Search.vue
FN:106,render
FN:109,(anonymous_1)
FN:111,(anonymous_2)
FN:112,(anonymous_3)
FN:118,(anonymous_4)
FN:120,(anonymous_5)
FN:128,(anonymous_6)
FN:130,(anonymous_7)
FNF:8
FNH:7
FNDA:9,render
FNDA:2,(anonymous_1)
FNDA:0,(anonymous_2)
FNDA:3,(anonymous_3)
FNDA:4,(anonymous_4)
FNDA:1,(anonymous_5)
FNDA:3,(anonymous_6)
FNDA:1,(anonymous_7)
DA:4,1
DA:7,1
DA:83,1
DA:85,1
DA:86,1
DA:89,1
DA:90,1
DA:91,1
DA:92,1
DA:95,1
DA:98,1
DA:99,1
DA:102,1
DA:103,1
DA:107,9
DA:111,0
DA:112,3
DA:119,4
DA:120,1
DA:129,3
DA:130,1
DA:138,1
LF:22
LH:21
BRDA:109,0,0,9
BRDA:109,0,1,4
BRDA:111,1,0,9
BRDA:111,1,1,4
BRDA:111,2,0,0
BRDA:111,2,1,0
BRDA:112,3,0,9
BRDA:112,3,1,4
BRDA:132,4,0,3
BRDA:132,4,1,1
BRF:10
BRH:8
end_of_record
